starting log: 05/12/18 01:59
concat
starting log: 05/12/18 02:00
concat
in filename: /Users/avahoffman/Dropbox/Research/Phylogenetic_functional_Rob_project/PD_data/SBL/gene_data/ITS_sequences_SBL_aligned.fasta
in filename: /Users/avahoffman/Dropbox/Research/Phylogenetic_functional_Rob_project/PD_data/SBL/gene_data/rbcL_sequences_SBL_aligned_trimmed.fasta
in filename: /Users/avahoffman/Dropbox/Research/Phylogenetic_functional_Rob_project/PD_data/SBL/gene_data/TrnL_sequences_SBL_aligned_trimmed.fasta
in filename: /Users/avahoffman/Dropbox/Research/Phylogenetic_functional_Rob_project/PD_data/SBL/gene_data/matK_sequences_SBL_aligned_trimmed.fasta
in filename: /Users/avahoffman/Dropbox/Research/Phylogenetic_functional_Rob_project/PD_data/SBL/gene_data/TrnL-TrnFspacer_sequences_SBL_aligned.fasta
in filename: /Users/avahoffman/Dropbox/Research/Phylogenetic_functional_Rob_project/PD_data/SBL/gene_data/psbA_sequences_SBL_aligned_trimmed.fasta
in filename: /Users/avahoffman/Dropbox/Research/Phylogenetic_functional_Rob_project/PD_data/SBL/gene_data/ndhF_sequences_SBL_aligned_trimmed.fasta
outfile: SBL_allgenes_nexus.fasta
starting log: 05/12/18 02:03
concat
in filename: /Users/avahoffman/Dropbox/Research/Phylogenetic_functional_Rob_project/PD_data/SBL/gene_data/ITS_sequences_SBL_aligned.fasta
in filename: /Users/avahoffman/Dropbox/Research/Phylogenetic_functional_Rob_project/PD_data/SBL/gene_data/rbcL_sequences_SBL_aligned_trimmed.fasta
in filename: /Users/avahoffman/Dropbox/Research/Phylogenetic_functional_Rob_project/PD_data/SBL/gene_data/TrnL_sequences_SBL_aligned_trimmed.fasta
in filename: /Users/avahoffman/Dropbox/Research/Phylogenetic_functional_Rob_project/PD_data/SBL/gene_data/matK_sequences_SBL_aligned_trimmed.fasta
in filename: /Users/avahoffman/Dropbox/Research/Phylogenetic_functional_Rob_project/PD_data/SBL/gene_data/TrnL-TrnFspacer_sequences_SBL_aligned.fasta
in filename: /Users/avahoffman/Dropbox/Research/Phylogenetic_functional_Rob_project/PD_data/SBL/gene_data/psbA_sequences_SBL_aligned_trimmed.fasta
in filename: /Users/avahoffman/Dropbox/Research/Phylogenetic_functional_Rob_project/PD_data/SBL/gene_data/ndhF_sequences_SBL_aligned_trimmed.fasta
outfile: SBL_allgenes_nexus.fasta
starting log: 05/12/18 02:04
concat
in filename: /Users/avahoffman/Dropbox/Research/Phylogenetic_functional_Rob_project/PD_data/SBL/gene_data/ITS_sequences_SBL_aligned.fasta
in filename: /Users/avahoffman/Dropbox/Research/Phylogenetic_functional_Rob_project/PD_data/SBL/gene_data/rbcL_sequences_SBL_aligned_trimmed.fasta
in filename: /Users/avahoffman/Dropbox/Research/Phylogenetic_functional_Rob_project/PD_data/SBL/gene_data/TrnL_sequences_SBL_aligned_trimmed.fasta
in filename: /Users/avahoffman/Dropbox/Research/Phylogenetic_functional_Rob_project/PD_data/SBL/gene_data/matK_sequences_SBL_aligned_trimmed.fasta
in filename: /Users/avahoffman/Dropbox/Research/Phylogenetic_functional_Rob_project/PD_data/SBL/gene_data/TrnL-TrnFspacer_sequences_SBL_aligned.fasta
in filename: /Users/avahoffman/Dropbox/Research/Phylogenetic_functional_Rob_project/PD_data/SBL/gene_data/psbA_sequences_SBL_aligned_trimmed.fasta
in filename: /Users/avahoffman/Dropbox/Research/Phylogenetic_functional_Rob_project/PD_data/SBL/gene_data/ndhF_sequences_SBL_aligned_trimmed.fasta
outfile: SBL_allgenes_nexus.fasta
starting log: 05/12/18 02:06
concat
in filename: /Users/avahoffman/Dropbox/Research/Phylogenetic_functional_Rob_project/PD_data/SBL/gene_data/ITS_sequences_SBL_aligned.fasta
in filename: /Users/avahoffman/Dropbox/Research/Phylogenetic_functional_Rob_project/PD_data/SBL/gene_data/rbcL_sequences_SBL_aligned_trimmed.fasta
in filename: /Users/avahoffman/Dropbox/Research/Phylogenetic_functional_Rob_project/PD_data/SBL/gene_data/TrnL_sequences_SBL_aligned_trimmed.fasta
in filename: /Users/avahoffman/Dropbox/Research/Phylogenetic_functional_Rob_project/PD_data/SBL/gene_data/matK_sequences_SBL_aligned_trimmed.fasta
in filename: /Users/avahoffman/Dropbox/Research/Phylogenetic_functional_Rob_project/PD_data/SBL/gene_data/TrnL-TrnFspacer_sequences_SBL_aligned.fasta
in filename: /Users/avahoffman/Dropbox/Research/Phylogenetic_functional_Rob_project/PD_data/SBL/gene_data/psbA_sequences_SBL_aligned_trimmed.fasta
in filename: /Users/avahoffman/Dropbox/Research/Phylogenetic_functional_Rob_project/PD_data/SBL/gene_data/ndhF_sequences_SBL_aligned_trimmed.fasta
outfile: SBL_allgenes_nexus.fasta
